Traceback (most recent call last):
  File "C:\Users\gordo\AppData\Local\pypoetry\Cache\virtualenvs\xaod-usage-w68Kx7k0-py3.9\lib\site-packages\jupyter_cache\executors\utils.py", line 51, in single_nb_execution
    executenb(
  File "C:\Users\gordo\AppData\Local\pypoetry\Cache\virtualenvs\xaod-usage-w68Kx7k0-py3.9\lib\site-packages\nbclient\client.py", line 1117, in execute
    return NotebookClient(nb=nb, resources=resources, km=km, **kwargs).execute()
  File "C:\Users\gordo\AppData\Local\pypoetry\Cache\virtualenvs\xaod-usage-w68Kx7k0-py3.9\lib\site-packages\nbclient\util.py", line 78, in wrapped
    return just_run(coro(*args, **kwargs))
  File "C:\Users\gordo\AppData\Local\pypoetry\Cache\virtualenvs\xaod-usage-w68Kx7k0-py3.9\lib\site-packages\nbclient\util.py", line 57, in just_run
    return loop.run_until_complete(coro)
  File "C:\Users\gordo\AppData\Local\Programs\Python\Python39\lib\asyncio\base_events.py", line 642, in run_until_complete
    return future.result()
  File "C:\Users\gordo\AppData\Local\pypoetry\Cache\virtualenvs\xaod-usage-w68Kx7k0-py3.9\lib\site-packages\nbclient\client.py", line 558, in async_execute
    await self.async_execute_cell(
  File "C:\Users\gordo\AppData\Local\pypoetry\Cache\virtualenvs\xaod-usage-w68Kx7k0-py3.9\lib\site-packages\nbclient\client.py", line 862, in async_execute_cell
    self._check_raise_for_error(cell, exec_reply)
  File "C:\Users\gordo\AppData\Local\pypoetry\Cache\virtualenvs\xaod-usage-w68Kx7k0-py3.9\lib\site-packages\nbclient\client.py", line 765, in _check_raise_for_error
    raise CellExecutionError.from_cell_and_msg(cell, exec_reply_content)
nbclient.exceptions.CellExecutionError: An error occurred while executing the following cell:
------------------
ditaus = (ds
          .Select(lambda e: e.DiTauJets("DiTauJets"))
          .Select(lambda taus: {
              'pt': taus.Select(lambda t: t.pt() / 1000.0),
              'eta': taus.Select(lambda t: t.eta()),
              'phi': taus.Select(lambda t: t.phi()),
          })
          .AsAwkwardArray()
          .value())
------------------

[1;31m---------------------------------------------------------------------------[0m
[1;31mUnexpectedCharacters[0m                      Traceback (most recent call last)
[1;32m~\AppData\Local\Temp/ipykernel_30000/3168974109.py[0m in [0;36m<module>[1;34m[0m
[1;32m----> 1[1;33m ditaus = (ds
[0m[0;32m      2[0m           [1;33m.[0m[0mSelect[0m[1;33m([0m[1;32mlambda[0m [0me[0m[1;33m:[0m [0me[0m[1;33m.[0m[0mDiTauJets[0m[1;33m([0m[1;34m"DiTauJets"[0m[1;33m)[0m[1;33m)[0m[1;33m[0m[1;33m[0m[0m
[0;32m      3[0m           .Select(lambda taus: {
[0;32m      4[0m               [1;34m'pt'[0m[1;33m:[0m [0mtaus[0m[1;33m.[0m[0mSelect[0m[1;33m([0m[1;32mlambda[0m [0mt[0m[1;33m:[0m [0mt[0m[1;33m.[0m[0mpt[0m[1;33m([0m[1;33m)[0m [1;33m/[0m [1;36m1000.0[0m[1;33m)[0m[1;33m,[0m[1;33m[0m[1;33m[0m[0m
[0;32m      5[0m               [1;34m'eta'[0m[1;33m:[0m [0mtaus[0m[1;33m.[0m[0mSelect[0m[1;33m([0m[1;32mlambda[0m [0mt[0m[1;33m:[0m [0mt[0m[1;33m.[0m[0meta[0m[1;33m([0m[1;33m)[0m[1;33m)[0m[1;33m,[0m[1;33m[0m[1;33m[0m[0m

[1;32m~\AppData\Local\pypoetry\Cache\virtualenvs\xaod-usage-w68Kx7k0-py3.9\lib\site-packages\make_it_sync\func_wrapper.py[0m in [0;36mwrapped_call[1;34m(*args, **kwargs)[0m
[0;32m     61[0m         [1;33m@[0m[0mwraps[0m[1;33m([0m[0mfn[0m[1;33m)[0m[1;33m[0m[1;33m[0m[0m
[0;32m     62[0m         [1;32mdef[0m [0mwrapped_call[0m[1;33m([0m[1;33m*[0m[0margs[0m[1;33m,[0m [1;33m**[0m[0mkwargs[0m[1;33m)[0m[1;33m:[0m[1;33m[0m[1;33m[0m[0m
[1;32m---> 63[1;33m             [1;32mreturn[0m [0m_sync_version_of_function[0m[1;33m([0m[0mfn[0m[1;33m,[0m [1;33m*[0m[0margs[0m[1;33m,[0m [1;33m**[0m[0mkwargs[0m[1;33m)[0m[1;33m[0m[1;33m[0m[0m
[0m[0;32m     64[0m [1;33m[0m[0m
[0;32m     65[0m         [1;32mreturn[0m [0mwrapped_call[0m[1;33m[0m[1;33m[0m[0m

[1;32m~\AppData\Local\pypoetry\Cache\virtualenvs\xaod-usage-w68Kx7k0-py3.9\lib\site-packages\make_it_sync\func_wrapper.py[0m in [0;36m_sync_version_of_function[1;34m(fn, *args, **kwargs)[0m
[0;32m     24[0m         [0mfuture[0m [1;33m=[0m [0mexector[0m[1;33m.[0m[0msubmit[0m[1;33m([0m[0mget_data_wrapper[0m[1;33m,[0m [1;33m*[0m[0margs[0m[1;33m,[0m [1;33m**[0m[0mkwargs[0m[1;33m)[0m[1;33m[0m[1;33m[0m[0m
[0;32m     25[0m [1;33m[0m[0m
[1;32m---> 26[1;33m         [1;32mreturn[0m [0mfuture[0m[1;33m.[0m[0mresult[0m[1;33m([0m[1;33m)[0m[1;33m[0m[1;33m[0m[0m
[0m[0;32m     27[0m [1;33m[0m[0m
[0;32m     28[0m [1;33m[0m[0m

[1;32m~\AppData\Local\Programs\Python\Python39\lib\concurrent\futures\_base.py[0m in [0;36mresult[1;34m(self, timeout)[0m
[0;32m    443[0m                     [1;32mraise[0m [0mCancelledError[0m[1;33m([0m[1;33m)[0m[1;33m[0m[1;33m[0m[0m
[0;32m    444[0m                 [1;32melif[0m [0mself[0m[1;33m.[0m[0m_state[0m [1;33m==[0m [0mFINISHED[0m[1;33m:[0m[1;33m[0m[1;33m[0m[0m
[1;32m--> 445[1;33m                     [1;32mreturn[0m [0mself[0m[1;33m.[0m[0m__get_result[0m[1;33m([0m[1;33m)[0m[1;33m[0m[1;33m[0m[0m
[0m[0;32m    446[0m                 [1;32melse[0m[1;33m:[0m[1;33m[0m[1;33m[0m[0m
[0;32m    447[0m                     [1;32mraise[0m [0mTimeoutError[0m[1;33m([0m[1;33m)[0m[1;33m[0m[1;33m[0m[0m

[1;32m~\AppData\Local\Programs\Python\Python39\lib\concurrent\futures\_base.py[0m in [0;36m__get_result[1;34m(self)[0m
[0;32m    388[0m         [1;32mif[0m [0mself[0m[1;33m.[0m[0m_exception[0m[1;33m:[0m[1;33m[0m[1;33m[0m[0m
[0;32m    389[0m             [1;32mtry[0m[1;33m:[0m[1;33m[0m[1;33m[0m[0m
[1;32m--> 390[1;33m                 [1;32mraise[0m [0mself[0m[1;33m.[0m[0m_exception[0m[1;33m[0m[1;33m[0m[0m
[0m[0;32m    391[0m             [1;32mfinally[0m[1;33m:[0m[1;33m[0m[1;33m[0m[0m
[0;32m    392[0m                 [1;31m# Break a reference cycle with the exception in self._exception[0m[1;33m[0m[1;33m[0m[1;33m[0m[0m

[1;32m~\AppData\Local\Programs\Python\Python39\lib\concurrent\futures\thread.py[0m in [0;36mrun[1;34m(self)[0m
[0;32m     50[0m [1;33m[0m[0m
[0;32m     51[0m         [1;32mtry[0m[1;33m:[0m[1;33m[0m[1;33m[0m[0m
[1;32m---> 52[1;33m             [0mresult[0m [1;33m=[0m [0mself[0m[1;33m.[0m[0mfn[0m[1;33m([0m[1;33m*[0m[0mself[0m[1;33m.[0m[0margs[0m[1;33m,[0m [1;33m**[0m[0mself[0m[1;33m.[0m[0mkwargs[0m[1;33m)[0m[1;33m[0m[1;33m[0m[0m
[0m[0;32m     53[0m         [1;32mexcept[0m [0mBaseException[0m [1;32mas[0m [0mexc[0m[1;33m:[0m[1;33m[0m[1;33m[0m[0m
[0;32m     54[0m             [0mself[0m[1;33m.[0m[0mfuture[0m[1;33m.[0m[0mset_exception[0m[1;33m([0m[0mexc[0m[1;33m)[0m[1;33m[0m[1;33m[0m[0m

[1;32m~\AppData\Local\pypoetry\Cache\virtualenvs\xaod-usage-w68Kx7k0-py3.9\lib\site-packages\make_it_sync\func_wrapper.py[0m in [0;36mget_data_wrapper[1;34m(*args, **kwargs)[0m
[0;32m     19[0m             [0masyncio[0m[1;33m.[0m[0mset_event_loop[0m[1;33m([0m[0mloop[0m[1;33m)[0m[1;33m[0m[1;33m[0m[0m
[0;32m     20[0m             [1;32massert[0m [1;32mnot[0m [0mloop[0m[1;33m.[0m[0mis_running[0m[1;33m([0m[1;33m)[0m[1;33m[0m[1;33m[0m[0m
[1;32m---> 21[1;33m             [1;32mreturn[0m [0mloop[0m[1;33m.[0m[0mrun_until_complete[0m[1;33m([0m[0mfn[0m[1;33m([0m[1;33m*[0m[0margs[0m[1;33m,[0m [1;33m**[0m[0mkwargs[0m[1;33m)[0m[1;33m)[0m[1;33m[0m[1;33m[0m[0m
[0m[0;32m     22[0m [1;33m[0m[0m
[0;32m     23[0m         [0mexector[0m [1;33m=[0m [0mThreadPoolExecutor[0m[1;33m([0m[0mmax_workers[0m[1;33m=[0m[1;36m1[0m[1;33m)[0m[1;33m[0m[1;33m[0m[0m

[1;32m~\AppData\Local\Programs\Python\Python39\lib\asyncio\base_events.py[0m in [0;36mrun_until_complete[1;34m(self, future)[0m
[0;32m    640[0m             [1;32mraise[0m [0mRuntimeError[0m[1;33m([0m[1;34m'Event loop stopped before Future completed.'[0m[1;33m)[0m[1;33m[0m[1;33m[0m[0m
[0;32m    641[0m [1;33m[0m[0m
[1;32m--> 642[1;33m         [1;32mreturn[0m [0mfuture[0m[1;33m.[0m[0mresult[0m[1;33m([0m[1;33m)[0m[1;33m[0m[1;33m[0m[0m
[0m[0;32m    643[0m [1;33m[0m[0m
[0;32m    644[0m     [1;32mdef[0m [0mstop[0m[1;33m([0m[0mself[0m[1;33m)[0m[1;33m:[0m[1;33m[0m[1;33m[0m[0m

[1;32mc:\users\gordo\code\iris-hep\func_adl\func_adl\object_stream.py[0m in [0;36mvalue_async[1;34m(self, executor, title)[0m
[0;32m    381[0m         [1;32mfrom[0m [0mfunc_adl[0m[1;33m.[0m[0mast[0m[1;33m.[0m[0mmeta_data[0m [1;32mimport[0m [0mremove_empty_metadata[0m[1;33m[0m[1;33m[0m[0m
[0;32m    382[0m [1;33m[0m[0m
[1;32m--> 383[1;33m         [1;32mreturn[0m [1;32mawait[0m [0mexe[0m[1;33m([0m[0mremove_empty_metadata[0m[1;33m([0m[0mself[0m[1;33m.[0m[0m_q_ast[0m[1;33m)[0m[1;33m,[0m [0mtitle[0m[1;33m)[0m[1;33m[0m[1;33m[0m[0m
[0m[0;32m    384[0m [1;33m[0m[0m
[0;32m    385[0m     [0mvalue[0m [1;33m=[0m [0mmake_sync[0m[1;33m([0m[0mvalue_async[0m[1;33m)[0m[1;33m[0m[1;33m[0m[0m

[1;32mc:\users\gordo\code\iris-hep\func_adl_servicex\func_adl_servicex\ServiceX.py[0m in [0;36mexecute_result_async[1;34m(self, a, title)[0m
[0;32m    176[0m         [1;31m# Run ghe query for real![0m[1;33m[0m[1;33m[0m[1;33m[0m[0m
[0;32m    177[0m         [0mattr[0m [1;33m=[0m [0mgetattr[0m[1;33m([0m[0mself[0m[1;33m.[0m[0m_ds[0m[1;33m,[0m [0mname[0m[1;33m)[0m[1;33m[0m[1;33m[0m[0m
[1;32m--> 178[1;33m         [1;32mreturn[0m [1;32mawait[0m [0mattr[0m[1;33m([0m[0mq_str[0m[1;33m,[0m [0mtitle[0m[1;33m=[0m[0mtitle[0m[1;33m)[0m[1;33m[0m[1;33m[0m[0m
[0m[0;32m    179[0m [1;33m[0m[0m
[0;32m    180[0m [1;33m[0m[0m

[1;32m~\AppData\Local\pypoetry\Cache\virtualenvs\xaod-usage-w68Kx7k0-py3.9\lib\site-packages\servicex\servicex_utils.py[0m in [0;36mcached_version_of_fn[1;34m(*args, **kwargs)[0m
[0;32m     47[0m         [1;32mtry[0m[1;33m:[0m[1;33m[0m[1;33m[0m[0m
[0;32m     48[0m             [0mlogger[0m[1;33m.[0m[0mdebug[0m[1;33m([0m[1;34mf'{h} - processing request'[0m[1;33m)[0m[1;33m[0m[1;33m[0m[0m
[1;32m---> 49[1;33m             [0mresult[0m [1;33m=[0m [1;32mawait[0m [0mfn[0m[1;33m([0m[1;33m*[0m[0margs[0m[1;33m,[0m [1;33m**[0m[0mkwargs[0m[1;33m)[0m[1;33m[0m[1;33m[0m[0m
[0m[0;32m     50[0m             [0msx[0m[1;33m.[0m[0m_cache[0m[1;33m.[0m[0mset_inmem[0m[1;33m([0m[0mh[0m[1;33m,[0m [0mresult[0m[1;33m)[0m[1;33m[0m[1;33m[0m[0m
[0;32m     51[0m         [1;32mfinally[0m[1;33m:[0m[1;33m[0m[1;33m[0m[0m

[1;32m~\AppData\Local\pypoetry\Cache\virtualenvs\xaod-usage-w68Kx7k0-py3.9\lib\site-packages\servicex\servicex.py[0m in [0;36mget_data_awkward_async[1;34m(self, selection_query, title)[0m
[0;32m    334[0m     async def get_data_awkward_async(self, selection_query: str,
[0;32m    335[0m                                      title: Optional[str] = None):
[1;32m--> 336[1;33m         return self._converter.combine_awkward(await self._data_return(
[0m[0;32m    337[0m             [0mselection_query[0m[1;33m,[0m [1;32mlambda[0m [0mf[0m[1;33m:[0m [0mself[0m[1;33m.[0m[0m_converter[0m[1;33m.[0m[0mconvert_to_awkward[0m[1;33m([0m[0mf[0m[1;33m)[0m[1;33m,[0m[1;33m[0m[1;33m[0m[0m
[0;32m    338[0m             title))

[1;32m~\AppData\Local\pypoetry\Cache\virtualenvs\xaod-usage-w68Kx7k0-py3.9\lib\site-packages\backoff\_async.py[0m in [0;36mretry[1;34m(*args, **kwargs)[0m
[0;32m    131[0m [1;33m[0m[0m
[0;32m    132[0m             [1;32mtry[0m[1;33m:[0m[1;33m[0m[1;33m[0m[0m
[1;32m--> 133[1;33m                 [0mret[0m [1;33m=[0m [1;32mawait[0m [0mtarget[0m[1;33m([0m[1;33m*[0m[0margs[0m[1;33m,[0m [1;33m**[0m[0mkwargs[0m[1;33m)[0m[1;33m[0m[1;33m[0m[0m
[0m[0;32m    134[0m             [1;32mexcept[0m [0mexception[0m [1;32mas[0m [0me[0m[1;33m:[0m[1;33m[0m[1;33m[0m[0m
[0;32m    135[0m                 [0mgiveup_result[0m [1;33m=[0m [1;32mawait[0m [0mgiveup[0m[1;33m([0m[0me[0m[1;33m)[0m[1;33m[0m[1;33m[0m[0m

[1;32m~\AppData\Local\pypoetry\Cache\virtualenvs\xaod-usage-w68Kx7k0-py3.9\lib\site-packages\backoff\_async.py[0m in [0;36mretry[1;34m(*args, **kwargs)[0m
[0;32m    131[0m [1;33m[0m[0m
[0;32m    132[0m             [1;32mtry[0m[1;33m:[0m[1;33m[0m[1;33m[0m[0m
[1;32m--> 133[1;33m                 [0mret[0m [1;33m=[0m [1;32mawait[0m [0mtarget[0m[1;33m([0m[1;33m*[0m[0margs[0m[1;33m,[0m [1;33m**[0m[0mkwargs[0m[1;33m)[0m[1;33m[0m[1;33m[0m[0m
[0m[0;32m    134[0m             [1;32mexcept[0m [0mexception[0m [1;32mas[0m [0me[0m[1;33m:[0m[1;33m[0m[1;33m[0m[0m
[0;32m    135[0m                 [0mgiveup_result[0m [1;33m=[0m [1;32mawait[0m [0mgiveup[0m[1;33m([0m[0me[0m[1;33m)[0m[1;33m[0m[1;33m[0m[0m

[1;32m~\AppData\Local\pypoetry\Cache\virtualenvs\xaod-usage-w68Kx7k0-py3.9\lib\site-packages\servicex\servicex.py[0m in [0;36m_data_return[1;34m(self, selection_query, converter, title, data_format)[0m
[0;32m    524[0m                                 [0mon[0m [0mthe[0m [0mconverter[0m [0mcall[0m[1;33m.[0m[1;33m[0m[1;33m[0m[0m
[0;32m    525[0m         '''
[1;32m--> 526[1;33m         all_data = {
[0m[0;32m    527[0m             [0mf[0m[1;33m.[0m[0mfile[0m[1;33m:[0m [0mf[0m[1;33m.[0m[0mdata[0m[1;33m[0m[1;33m[0m[0m
[0;32m    528[0m             [1;32masync[0m [1;32mfor[0m [0mf[0m [1;32min[0m [0mself[0m[1;33m.[0m[0m_stream_return[0m[1;33m([0m[0mselection_query[0m[1;33m,[0m [0mtitle[0m[1;33m,[0m [0mconverter[0m[1;33m,[0m [0mdata_format[0m[1;33m)[0m[1;33m[0m[1;33m[0m[0m

[1;32m~\AppData\Local\pypoetry\Cache\virtualenvs\xaod-usage-w68Kx7k0-py3.9\lib\site-packages\servicex\servicex.py[0m in [0;36m<dictcomp>[1;34m(.0)[0m
[0;32m    524[0m                                 [0mon[0m [0mthe[0m [0mconverter[0m [0mcall[0m[1;33m.[0m[1;33m[0m[1;33m[0m[0m
[0;32m    525[0m         '''
[1;32m--> 526[1;33m         all_data = {
[0m[0;32m    527[0m             [0mf[0m[1;33m.[0m[0mfile[0m[1;33m:[0m [0mf[0m[1;33m.[0m[0mdata[0m[1;33m[0m[1;33m[0m[0m
[0;32m    528[0m             [1;32masync[0m [1;32mfor[0m [0mf[0m [1;32min[0m [0mself[0m[1;33m.[0m[0m_stream_return[0m[1;33m([0m[0mselection_query[0m[1;33m,[0m [0mtitle[0m[1;33m,[0m [0mconverter[0m[1;33m,[0m [0mdata_format[0m[1;33m)[0m[1;33m[0m[1;33m[0m[0m

[1;32m~\AppData\Local\pypoetry\Cache\virtualenvs\xaod-usage-w68Kx7k0-py3.9\lib\site-packages\servicex\servicex.py[0m in [0;36m_stream_return[1;34m(self, selection_query, title, converter, data_format)[0m
[0;32m    563[0m                    self._stream_local_files(selection_query, title, data_format))  # type: ignore
[0;32m    564[0m [1;33m[0m[0m
[1;32m--> 565[1;33m         [1;32masync[0m [1;32mfor[0m [0mr[0m [1;32min[0m [0mas_data[0m[1;33m:[0m[1;33m[0m[1;33m[0m[0m
[0m[0;32m    566[0m             [1;32myield[0m [0mr[0m[1;33m[0m[1;33m[0m[0m
[0;32m    567[0m [1;33m[0m[0m

[1;32m~\AppData\Local\pypoetry\Cache\virtualenvs\xaod-usage-w68Kx7k0-py3.9\lib\site-packages\servicex\servicex.py[0m in [0;36m<genexpr>[1;34m(.0)[0m
[0;32m    559[0m                                 [0mon[0m [0mthe[0m [0mconverter[0m [0mcall[0m[1;33m.[0m[1;33m[0m[1;33m[0m[0m
[0;32m    560[0m         '''
[1;32m--> 561[1;33m         as_data = (StreamInfoData(f.file, await asyncio.ensure_future(converter(f.path)))
[0m[0;32m    562[0m                    [1;32masync[0m [1;32mfor[0m [0mf[0m [1;32min[0m[1;33m[0m[1;33m[0m[0m
[0;32m    563[0m                    self._stream_local_files(selection_query, title, data_format))  # type: ignore

[1;32m~\AppData\Local\pypoetry\Cache\virtualenvs\xaod-usage-w68Kx7k0-py3.9\lib\site-packages\servicex\servicex.py[0m in [0;36m_stream_local_files[1;34m(self, selection_query, title, data_format)[0m
[0;32m    596[0m              self._get_files(selection_query, data_format, notifier, title))  # type: ignore
[0;32m    597[0m [1;33m[0m[0m
[1;32m--> 598[1;33m         [1;32masync[0m [1;32mfor[0m [0mname[0m[1;33m,[0m [0ma_path[0m [1;32min[0m [0mas_files[0m[1;33m:[0m[1;33m[0m[1;33m[0m[0m
[0m[0;32m    599[0m             [1;32myield[0m [0mStreamInfoPath[0m[1;33m([0m[0mname[0m[1;33m,[0m [0mPath[0m[1;33m([0m[1;32mawait[0m [0ma_path[0m[1;33m)[0m[1;33m)[0m[1;33m[0m[1;33m[0m[0m
[0;32m    600[0m [1;33m[0m[0m

[1;32m~\AppData\Local\pypoetry\Cache\virtualenvs\xaod-usage-w68Kx7k0-py3.9\lib\site-packages\servicex\servicex.py[0m in [0;36m<genexpr>[1;34m(.0)[0m
[0;32m    593[0m         [1;31m# Get all the files[0m[1;33m[0m[1;33m[0m[1;33m[0m[0m
[0;32m    594[0m         [0mas_files[0m [1;33m=[0m[0;31m [0m[0;31m\[0m[1;33m[0m[1;33m[0m[0m
[1;32m--> 595[1;33m             (f async for f in
[0m[0;32m    596[0m              self._get_files(selection_query, data_format, notifier, title))  # type: ignore
[0;32m    597[0m [1;33m[0m[0m

[1;32m~\AppData\Local\pypoetry\Cache\virtualenvs\xaod-usage-w68Kx7k0-py3.9\lib\site-packages\servicex\servicex.py[0m in [0;36m_get_files[1;34m(self, selection_query, data_type, notifier, title)[0m
[0;32m    633[0m [1;33m[0m[0m
[0;32m    634[0m             [1;31m# Get a request id - which might be cached, but if not, submit it.[0m[1;33m[0m[1;33m[0m[1;33m[0m[0m
[1;32m--> 635[1;33m             [0mrequest_id[0m [1;33m=[0m [1;32mawait[0m [0mself[0m[1;33m.[0m[0m_get_request_id[0m[1;33m([0m[0mclient[0m[1;33m,[0m [0mquery[0m[1;33m)[0m[1;33m[0m[1;33m[0m[0m
[0m[0;32m    636[0m [1;33m[0m[0m
[0;32m    637[0m             [1;31m# Make sure cache status exists (user could have deleted, see #176)[0m[1;33m[0m[1;33m[0m[1;33m[0m[0m

[1;32m~\AppData\Local\pypoetry\Cache\virtualenvs\xaod-usage-w68Kx7k0-py3.9\lib\site-packages\servicex\servicex.py[0m in [0;36m_get_request_id[1;34m(self, client, query)[0m
[0;32m    685[0m         [0mrequest_id[0m [1;33m=[0m [0mself[0m[1;33m.[0m[0m_cache[0m[1;33m.[0m[0mlookup_query[0m[1;33m([0m[0mquery[0m[1;33m)[0m[1;33m[0m[1;33m[0m[0m
[0;32m    686[0m         [1;32mif[0m [0mrequest_id[0m [1;32mis[0m [1;32mNone[0m[1;33m:[0m[1;33m[0m[1;33m[0m[0m
[1;32m--> 687[1;33m             [0mrequest_info[0m [1;33m=[0m [1;32mawait[0m [0mself[0m[1;33m.[0m[0m_servicex_adaptor[0m[1;33m.[0m[0msubmit_query[0m[1;33m([0m[0mclient[0m[1;33m,[0m [0mquery[0m[1;33m)[0m[1;33m[0m[1;33m[0m[0m
[0m[0;32m    688[0m             [0mrequest_id[0m [1;33m=[0m [0mrequest_info[0m[1;33m[[0m[1;34m'request_id'[0m[1;33m][0m[1;33m[0m[1;33m[0m[0m
[0;32m    689[0m             [0mself[0m[1;33m.[0m[0m_cache[0m[1;33m.[0m[0mset_query[0m[1;33m([0m[0mquery[0m[1;33m,[0m [0mrequest_id[0m[1;33m)[0m[1;33m[0m[1;33m[0m[0m

[1;32mc:\users\gordo\code\iris-hep\func_adl_servicex\func_adl_servicex\local_dataset.py[0m in [0;36msubmit_query[1;34m(self, _, json_query)[0m
[0;32m     91[0m         [0mtitle[0m [1;33m=[0m [0mjson_query[0m[1;33m[[0m[1;34m'title'[0m[1;33m][0m [1;32mif[0m [1;34m'title'[0m [1;32min[0m [0mjson_query[0m [1;32melse[0m [1;34m''[0m[1;33m[0m[1;33m[0m[0m
[0;32m     92[0m         file_list = await self._ds.execute_result_async(
[1;32m---> 93[1;33m             [0mtext_ast_to_python_ast[0m[1;33m([0m[0mquery[0m[1;33m)[0m[1;33m.[0m[0mbody[0m[1;33m[[0m[1;36m0[0m[1;33m][0m[1;33m.[0m[0mvalue[0m[1;33m,[0m[1;33m[0m[1;33m[0m[0m
[0m[0;32m     94[0m             [0mtitle[0m[1;33m[0m[1;33m[0m[0m
[0;32m     95[0m         )

[1;32m~\AppData\Local\pypoetry\Cache\virtualenvs\xaod-usage-w68Kx7k0-py3.9\lib\site-packages\qastle\translate.py[0m in [0;36mtext_ast_to_python_ast[1;34m(text_ast)[0m
[0;32m     19[0m [1;33m[0m[0m
[0;32m     20[0m [1;32mdef[0m [0mtext_ast_to_python_ast[0m[1;33m([0m[0mtext_ast[0m[1;33m)[0m[1;33m:[0m[1;33m[0m[1;33m[0m[0m
[1;32m---> 21[1;33m     [0mtree[0m [1;33m=[0m [0mparse[0m[1;33m([0m[0mtext_ast[0m[1;33m)[0m[1;33m[0m[1;33m[0m[0m
[0m[0;32m     22[0m     [1;32mreturn[0m [0mTextASTToPythonASTTransformer[0m[1;33m([0m[1;33m)[0m[1;33m.[0m[0mtransform[0m[1;33m([0m[0mtree[0m[1;33m)[0m[1;33m[0m[1;33m[0m[0m

[1;32m~\AppData\Local\pypoetry\Cache\virtualenvs\xaod-usage-w68Kx7k0-py3.9\lib\site-packages\qastle\parse.py[0m in [0;36mparse[1;34m(text)[0m
[0;32m     12[0m [1;33m[0m[0m
[0;32m     13[0m [1;32mdef[0m [0mparse[0m[1;33m([0m[0mtext[0m[1;33m)[0m[1;33m:[0m[1;33m[0m[1;33m[0m[0m
[1;32m---> 14[1;33m     [1;32mreturn[0m [0mParser[0m[1;33m.[0m[0mparse[0m[1;33m([0m[0mtext[0m[1;33m)[0m[1;33m[0m[1;33m[0m[0m
[0m
[1;32m~\AppData\Local\pypoetry\Cache\virtualenvs\xaod-usage-w68Kx7k0-py3.9\lib\site-packages\lark\lark.py[0m in [0;36mparse[1;34m(self, text, start, on_error)[0m
[0;32m    579[0m [1;33m[0m[0m
[0;32m    580[0m         """
[1;32m--> 581[1;33m         [1;32mreturn[0m [0mself[0m[1;33m.[0m[0mparser[0m[1;33m.[0m[0mparse[0m[1;33m([0m[0mtext[0m[1;33m,[0m [0mstart[0m[1;33m=[0m[0mstart[0m[1;33m,[0m [0mon_error[0m[1;33m=[0m[0mon_error[0m[1;33m)[0m[1;33m[0m[1;33m[0m[0m
[0m[0;32m    582[0m [1;33m[0m[0m
[0;32m    583[0m     [1;33m@[0m[0mproperty[0m[1;33m[0m[1;33m[0m[0m

[1;32m~\AppData\Local\pypoetry\Cache\virtualenvs\xaod-usage-w68Kx7k0-py3.9\lib\site-packages\lark\parser_frontends.py[0m in [0;36mparse[1;34m(self, text, start, on_error)[0m
[0;32m    104[0m         [0mstream[0m [1;33m=[0m [0mtext[0m [1;32mif[0m [0mself[0m[1;33m.[0m[0mskip_lexer[0m [1;32melse[0m [0mLexerThread[0m[1;33m([0m[0mself[0m[1;33m.[0m[0mlexer[0m[1;33m,[0m [0mtext[0m[1;33m)[0m[1;33m[0m[1;33m[0m[0m
[0;32m    105[0m         [0mkw[0m [1;33m=[0m [1;33m{[0m[1;33m}[0m [1;32mif[0m [0mon_error[0m [1;32mis[0m [1;32mNone[0m [1;32melse[0m [1;33m{[0m[1;34m'on_error'[0m[1;33m:[0m [0mon_error[0m[1;33m}[0m[1;33m[0m[1;33m[0m[0m
[1;32m--> 106[1;33m         [1;32mreturn[0m [0mself[0m[1;33m.[0m[0mparser[0m[1;33m.[0m[0mparse[0m[1;33m([0m[0mstream[0m[1;33m,[0m [0mchosen_start[0m[1;33m,[0m [1;33m**[0m[0mkw[0m[1;33m)[0m[1;33m[0m[1;33m[0m[0m
[0m[0;32m    107[0m [1;33m[0m[0m
[0;32m    108[0m     [1;32mdef[0m [0mparse_interactive[0m[1;33m([0m[0mself[0m[1;33m,[0m [0mtext[0m[1;33m=[0m[1;32mNone[0m[1;33m,[0m [0mstart[0m[1;33m=[0m[1;32mNone[0m[1;33m)[0m[1;33m:[0m[1;33m[0m[1;33m[0m[0m

[1;32m~\AppData\Local\pypoetry\Cache\virtualenvs\xaod-usage-w68Kx7k0-py3.9\lib\site-packages\lark\parsers\earley.py[0m in [0;36mparse[1;34m(self, lexer, start)[0m
[0;32m    295[0m                 [0mcolumns[0m[1;33m[[0m[1;36m0[0m[1;33m][0m[1;33m.[0m[0madd[0m[1;33m([0m[0mitem[0m[1;33m)[0m[1;33m[0m[1;33m[0m[0m
[0;32m    296[0m [1;33m[0m[0m
[1;32m--> 297[1;33m         [0mto_scan[0m [1;33m=[0m [0mself[0m[1;33m.[0m[0m_parse[0m[1;33m([0m[0mlexer[0m[1;33m,[0m [0mcolumns[0m[1;33m,[0m [0mto_scan[0m[1;33m,[0m [0mstart_symbol[0m[1;33m)[0m[1;33m[0m[1;33m[0m[0m
[0m[0;32m    298[0m [1;33m[0m[0m
[0;32m    299[0m         [1;31m# If the parse was successful, the start[0m[1;33m[0m[1;33m[0m[1;33m[0m[0m

[1;32m~\AppData\Local\pypoetry\Cache\virtualenvs\xaod-usage-w68Kx7k0-py3.9\lib\site-packages\lark\parsers\xearley.py[0m in [0;36m_parse[1;34m(self, stream, columns, to_scan, start_symbol)[0m
[0;32m    142[0m             [0mself[0m[1;33m.[0m[0mpredict_and_complete[0m[1;33m([0m[0mi[0m[1;33m,[0m [0mto_scan[0m[1;33m,[0m [0mcolumns[0m[1;33m,[0m [0mtransitives[0m[1;33m)[0m[1;33m[0m[1;33m[0m[0m
[0;32m    143[0m [1;33m[0m[0m
[1;32m--> 144[1;33m             [0mto_scan[0m [1;33m=[0m [0mscan[0m[1;33m([0m[0mi[0m[1;33m,[0m [0mto_scan[0m[1;33m)[0m[1;33m[0m[1;33m[0m[0m
[0m[0;32m    145[0m [1;33m[0m[0m
[0;32m    146[0m             [1;32mif[0m [0mtoken[0m [1;33m==[0m [1;34m'\n'[0m[1;33m:[0m[1;33m[0m[1;33m[0m[0m

[1;32m~\AppData\Local\pypoetry\Cache\virtualenvs\xaod-usage-w68Kx7k0-py3.9\lib\site-packages\lark\parsers\xearley.py[0m in [0;36mscan[1;34m(i, to_scan)[0m
[0;32m    116[0m             [1;32mif[0m [1;32mnot[0m [0mnext_set[0m [1;32mand[0m [1;32mnot[0m [0mdelayed_matches[0m [1;32mand[0m [1;32mnot[0m [0mnext_to_scan[0m[1;33m:[0m[1;33m[0m[1;33m[0m[0m
[0;32m    117[0m                 [0mconsidered_rules[0m [1;33m=[0m [0mlist[0m[1;33m([0m[0msorted[0m[1;33m([0m[0mto_scan[0m[1;33m,[0m [0mkey[0m[1;33m=[0m[1;32mlambda[0m [0mkey[0m[1;33m:[0m [0mkey[0m[1;33m.[0m[0mrule[0m[1;33m.[0m[0morigin[0m[1;33m.[0m[0mname[0m[1;33m)[0m[1;33m)[0m[1;33m[0m[1;33m[0m[0m
[1;32m--> 118[1;33m                 raise UnexpectedCharacters(stream, i, text_line, text_column, {item.expect.name for item in to_scan},
[0m[0;32m    119[0m                                            [0mset[0m[1;33m([0m[0mto_scan[0m[1;33m)[0m[1;33m,[0m [0mstate[0m[1;33m=[0m[0mfrozenset[0m[1;33m([0m[0mi[0m[1;33m.[0m[0ms[0m [1;32mfor[0m [0mi[0m [1;32min[0m [0mto_scan[0m[1;33m)[0m[1;33m,[0m[1;33m[0m[1;33m[0m[0m
[0;32m    120[0m                                            [0mconsidered_rules[0m[1;33m=[0m[0mconsidered_rules[0m[1;33m[0m[1;33m[0m[0m

[1;31mUnexpectedCharacters[0m: No terminal matches '<' in the current parser context, at line 1 col 491

ist 'pt' 'eta' 'phi') (list (call (attr <Array [{ditau_pt: 314}, ... {ditau_pt: 
                                        ^
Expected one of: 
	* RPAR
	* LPAR
	* NUMERIC_LITERAL
	* STRING_LITERAL
	* IDENTIFIER

UnexpectedCharacters: No terminal matches '<' in the current parser context, at line 1 col 491

ist 'pt' 'eta' 'phi') (list (call (attr <Array [{ditau_pt: 314}, ... {ditau_pt: 
                                        ^
Expected one of: 
	* RPAR
	* LPAR
	* NUMERIC_LITERAL
	* STRING_LITERAL
	* IDENTIFIER


